<?xml version="1.0" encoding="UTF-8"?>
<testsuite name="RomanNumeralsTest" tests="5" skipped="0" failures="0" errors="0" timestamp="2022-04-21T07:19:12" hostname="ALC-C07XH0VZG1J2.local" time="0.038">
  <properties/>
  <testcase name="1904 should return MCMIV()" classname="RomanNumeralsTest" time="0.022"/>
  <testcase name="0 should throw an exception()" classname="RomanNumeralsTest" time="0.004"/>
  <testcase name="4000 should throw an exception()" classname="RomanNumeralsTest" time="0.004"/>
  <testcase name="40 should return XL()" classname="RomanNumeralsTest" time="0.002"/>
  <testcase name="9 should return IX()" classname="RomanNumeralsTest" time="0.001"/>
  <system-out><![CDATA[]]></system-out>
  <system-err><![CDATA[]]></system-err>
</testsuite>
